2024-05-21 00:41:04  [ JavaFX Application Thread:0 ] - [ DEBUG ]  Setting default value: false
2024-05-21 00:41:04  [ JavaFX Application Thread:2 ] - [ DEBUG ]  Converting 'Boolean' value 'false' to type 'Boolean'
2024-05-21 00:41:04  [ JavaFX Application Thread:2 ] - [ DEBUG ]      No conversion required, value is already a Boolean
2024-05-21 00:41:04  [ JavaFX Application Thread:3 ] - [ DEBUG ]  Setting default value: 0
2024-05-21 00:41:04  [ JavaFX Application Thread:3 ] - [ DEBUG ]  Converting 'Integer' value '0' to type 'Byte'
2024-05-21 00:41:04  [ JavaFX Application Thread:3 ] - [ DEBUG ]      Converted to Byte value '0'
2024-05-21 00:41:04  [ JavaFX Application Thread:4 ] - [ DEBUG ]  Setting default value:  
2024-05-21 00:41:04  [ JavaFX Application Thread:4 ] - [ DEBUG ]  Converting 'Character' value ' ' to type 'Character'
2024-05-21 00:41:04  [ JavaFX Application Thread:4 ] - [ DEBUG ]      No conversion required, value is already a Character
2024-05-21 00:41:04  [ JavaFX Application Thread:4 ] - [ DEBUG ]  Setting default value: 0
2024-05-21 00:41:04  [ JavaFX Application Thread:4 ] - [ DEBUG ]  Converting 'Integer' value '0' to type 'Double'
2024-05-21 00:41:04  [ JavaFX Application Thread:4 ] - [ DEBUG ]      Converted to Double value '0.0'
2024-05-21 00:41:04  [ JavaFX Application Thread:5 ] - [ DEBUG ]  Setting default value: 0
2024-05-21 00:41:04  [ JavaFX Application Thread:5 ] - [ DEBUG ]  Converting 'Integer' value '0' to type 'Float'
2024-05-21 00:41:04  [ JavaFX Application Thread:5 ] - [ DEBUG ]      Converted to Float value '0.0'
2024-05-21 00:41:04  [ JavaFX Application Thread:5 ] - [ DEBUG ]  Setting default value: 0
2024-05-21 00:41:04  [ JavaFX Application Thread:5 ] - [ DEBUG ]  Converting 'Integer' value '0' to type 'Integer'
2024-05-21 00:41:04  [ JavaFX Application Thread:5 ] - [ DEBUG ]      No conversion required, value is already a Integer
2024-05-21 00:41:04  [ JavaFX Application Thread:5 ] - [ DEBUG ]  Setting default value: 0
2024-05-21 00:41:04  [ JavaFX Application Thread:6 ] - [ DEBUG ]  Converting 'Integer' value '0' to type 'Long'
2024-05-21 00:41:04  [ JavaFX Application Thread:6 ] - [ DEBUG ]      Converted to Long value '0'
2024-05-21 00:41:04  [ JavaFX Application Thread:6 ] - [ DEBUG ]  Setting default value: 0
2024-05-21 00:41:04  [ JavaFX Application Thread:6 ] - [ DEBUG ]  Converting 'Integer' value '0' to type 'Short'
2024-05-21 00:41:04  [ JavaFX Application Thread:6 ] - [ DEBUG ]      Converted to Short value '0'
2024-05-21 00:41:04  [ JavaFX Application Thread:7 ] - [ DEBUG ]  Setting default value: 0.0
2024-05-21 00:41:04  [ JavaFX Application Thread:7 ] - [ DEBUG ]  Converting 'BigDecimal' value '0.0' to type 'BigDecimal'
2024-05-21 00:41:04  [ JavaFX Application Thread:8 ] - [ DEBUG ]      No conversion required, value is already a BigDecimal
2024-05-21 00:41:04  [ JavaFX Application Thread:8 ] - [ DEBUG ]  Setting default value: 0
2024-05-21 00:41:04  [ JavaFX Application Thread:8 ] - [ DEBUG ]  Converting 'BigInteger' value '0' to type 'BigInteger'
2024-05-21 00:41:04  [ JavaFX Application Thread:8 ] - [ DEBUG ]      No conversion required, value is already a BigInteger
2024-05-21 00:41:04  [ JavaFX Application Thread:8 ] - [ DEBUG ]  Setting default value: false
2024-05-21 00:41:04  [ JavaFX Application Thread:8 ] - [ DEBUG ]  Converting 'Boolean' value 'false' to type 'Boolean'
2024-05-21 00:41:04  [ JavaFX Application Thread:8 ] - [ DEBUG ]      No conversion required, value is already a Boolean
2024-05-21 00:41:04  [ JavaFX Application Thread:8 ] - [ DEBUG ]  Setting default value: 0
2024-05-21 00:41:04  [ JavaFX Application Thread:8 ] - [ DEBUG ]  Converting 'Integer' value '0' to type 'Byte'
2024-05-21 00:41:04  [ JavaFX Application Thread:8 ] - [ DEBUG ]      Converted to Byte value '0'
2024-05-21 00:41:04  [ JavaFX Application Thread:8 ] - [ DEBUG ]  Setting default value:  
2024-05-21 00:41:04  [ JavaFX Application Thread:8 ] - [ DEBUG ]  Converting 'Character' value ' ' to type 'Character'
2024-05-21 00:41:04  [ JavaFX Application Thread:8 ] - [ DEBUG ]      No conversion required, value is already a Character
2024-05-21 00:41:04  [ JavaFX Application Thread:9 ] - [ DEBUG ]  Setting default value: 0
2024-05-21 00:41:04  [ JavaFX Application Thread:9 ] - [ DEBUG ]  Converting 'Integer' value '0' to type 'Double'
2024-05-21 00:41:04  [ JavaFX Application Thread:9 ] - [ DEBUG ]      Converted to Double value '0.0'
2024-05-21 00:41:04  [ JavaFX Application Thread:9 ] - [ DEBUG ]  Setting default value: 0
2024-05-21 00:41:04  [ JavaFX Application Thread:9 ] - [ DEBUG ]  Converting 'Integer' value '0' to type 'Float'
2024-05-21 00:41:04  [ JavaFX Application Thread:9 ] - [ DEBUG ]      Converted to Float value '0.0'
2024-05-21 00:41:04  [ JavaFX Application Thread:9 ] - [ DEBUG ]  Setting default value: 0
2024-05-21 00:41:04  [ JavaFX Application Thread:9 ] - [ DEBUG ]  Converting 'Integer' value '0' to type 'Integer'
2024-05-21 00:41:04  [ JavaFX Application Thread:9 ] - [ DEBUG ]      No conversion required, value is already a Integer
2024-05-21 00:41:04  [ JavaFX Application Thread:9 ] - [ DEBUG ]  Setting default value: 0
2024-05-21 00:41:04  [ JavaFX Application Thread:10 ] - [ DEBUG ]  Converting 'Integer' value '0' to type 'Long'
2024-05-21 00:41:04  [ JavaFX Application Thread:10 ] - [ DEBUG ]      Converted to Long value '0'
2024-05-21 00:41:04  [ JavaFX Application Thread:10 ] - [ DEBUG ]  Setting default value: 0
2024-05-21 00:41:04  [ JavaFX Application Thread:10 ] - [ DEBUG ]  Converting 'Integer' value '0' to type 'Short'
2024-05-21 00:41:04  [ JavaFX Application Thread:10 ] - [ DEBUG ]      Converted to Short value '0'
2024-05-21 00:41:04  [ JavaFX Application Thread:10 ] - [ DEBUG ]  Setting default value: 
2024-05-21 00:41:04  [ JavaFX Application Thread:10 ] - [ DEBUG ]  Converting 'String' value '' to type 'String'
2024-05-21 00:41:04  [ JavaFX Application Thread:11 ] - [ DEBUG ]  Setting default value: [Z@3808fa39
2024-05-21 00:41:04  [ JavaFX Application Thread:11 ] - [ DEBUG ]  Converting 'boolean[]' value '[Z@3808fa39' to type 'boolean[]'
2024-05-21 00:41:04  [ JavaFX Application Thread:11 ] - [ DEBUG ]      No conversion required, value is already a boolean[]
2024-05-21 00:41:04  [ JavaFX Application Thread:13 ] - [ DEBUG ]  Setting default value: [B@1366e530
2024-05-21 00:41:04  [ JavaFX Application Thread:13 ] - [ DEBUG ]  Converting 'byte[]' value '[B@1366e530' to type 'byte[]'
2024-05-21 00:41:04  [ JavaFX Application Thread:13 ] - [ DEBUG ]      No conversion required, value is already a byte[]
2024-05-21 00:41:04  [ JavaFX Application Thread:13 ] - [ DEBUG ]  Setting default value: [C@29d39ed0
2024-05-21 00:41:04  [ JavaFX Application Thread:13 ] - [ DEBUG ]  Converting 'char[]' value '[C@29d39ed0' to type 'char[]'
2024-05-21 00:41:04  [ JavaFX Application Thread:13 ] - [ DEBUG ]      No conversion required, value is already a char[]
2024-05-21 00:41:04  [ JavaFX Application Thread:13 ] - [ DEBUG ]  Setting default value: [D@13f10662
2024-05-21 00:41:04  [ JavaFX Application Thread:14 ] - [ DEBUG ]  Converting 'double[]' value '[D@13f10662' to type 'double[]'
2024-05-21 00:41:04  [ JavaFX Application Thread:14 ] - [ DEBUG ]      No conversion required, value is already a double[]
2024-05-21 00:41:04  [ JavaFX Application Thread:14 ] - [ DEBUG ]  Setting default value: [F@371a2e49
2024-05-21 00:41:04  [ JavaFX Application Thread:14 ] - [ DEBUG ]  Converting 'float[]' value '[F@371a2e49' to type 'float[]'
2024-05-21 00:41:04  [ JavaFX Application Thread:14 ] - [ DEBUG ]      No conversion required, value is already a float[]
2024-05-21 00:41:04  [ JavaFX Application Thread:14 ] - [ DEBUG ]  Setting default value: [I@7f0509ac
2024-05-21 00:41:04  [ JavaFX Application Thread:14 ] - [ DEBUG ]  Converting 'int[]' value '[I@7f0509ac' to type 'int[]'
2024-05-21 00:41:04  [ JavaFX Application Thread:14 ] - [ DEBUG ]      No conversion required, value is already a int[]
2024-05-21 00:41:04  [ JavaFX Application Thread:14 ] - [ DEBUG ]  Setting default value: [J@645cc238
2024-05-21 00:41:04  [ JavaFX Application Thread:15 ] - [ DEBUG ]  Converting 'long[]' value '[J@645cc238' to type 'long[]'
2024-05-21 00:41:04  [ JavaFX Application Thread:15 ] - [ DEBUG ]      No conversion required, value is already a long[]
2024-05-21 00:41:04  [ JavaFX Application Thread:15 ] - [ DEBUG ]  Setting default value: [S@5091f291
2024-05-21 00:41:04  [ JavaFX Application Thread:15 ] - [ DEBUG ]  Converting 'short[]' value '[S@5091f291' to type 'short[]'
2024-05-21 00:41:04  [ JavaFX Application Thread:15 ] - [ DEBUG ]      No conversion required, value is already a short[]
2024-05-21 00:41:04  [ JavaFX Application Thread:15 ] - [ DEBUG ]  Setting default value: [Ljava.math.BigDecimal;@5c1869d
2024-05-21 00:41:04  [ JavaFX Application Thread:15 ] - [ DEBUG ]  Converting 'BigDecimal[]' value '[Ljava.math.BigDecimal;@5c1869d' to type 'BigDecimal[]'
2024-05-21 00:41:04  [ JavaFX Application Thread:15 ] - [ DEBUG ]      No conversion required, value is already a BigDecimal[]
2024-05-21 00:41:04  [ JavaFX Application Thread:16 ] - [ DEBUG ]  Setting default value: [Ljava.math.BigInteger;@4e599d52
2024-05-21 00:41:04  [ JavaFX Application Thread:16 ] - [ DEBUG ]  Converting 'BigInteger[]' value '[Ljava.math.BigInteger;@4e599d52' to type 'BigInteger[]'
2024-05-21 00:41:04  [ JavaFX Application Thread:16 ] - [ DEBUG ]      No conversion required, value is already a BigInteger[]
2024-05-21 00:41:04  [ JavaFX Application Thread:16 ] - [ DEBUG ]  Setting default value: [Ljava.lang.Boolean;@3610b538
2024-05-21 00:41:04  [ JavaFX Application Thread:16 ] - [ DEBUG ]  Converting 'Boolean[]' value '[Ljava.lang.Boolean;@3610b538' to type 'Boolean[]'
2024-05-21 00:41:04  [ JavaFX Application Thread:16 ] - [ DEBUG ]      No conversion required, value is already a Boolean[]
2024-05-21 00:41:04  [ JavaFX Application Thread:17 ] - [ DEBUG ]  Setting default value: [Ljava.lang.Byte;@3a282517
2024-05-21 00:41:04  [ JavaFX Application Thread:17 ] - [ DEBUG ]  Converting 'Byte[]' value '[Ljava.lang.Byte;@3a282517' to type 'Byte[]'
2024-05-21 00:41:04  [ JavaFX Application Thread:17 ] - [ DEBUG ]      No conversion required, value is already a Byte[]
2024-05-21 00:41:04  [ JavaFX Application Thread:17 ] - [ DEBUG ]  Setting default value: [Ljava.lang.Character;@57d9deaa
2024-05-21 00:41:04  [ JavaFX Application Thread:17 ] - [ DEBUG ]  Converting 'Character[]' value '[Ljava.lang.Character;@57d9deaa' to type 'Character[]'
2024-05-21 00:41:04  [ JavaFX Application Thread:17 ] - [ DEBUG ]      No conversion required, value is already a Character[]
2024-05-21 00:41:04  [ JavaFX Application Thread:17 ] - [ DEBUG ]  Setting default value: [Ljava.lang.Double;@58ade23e
2024-05-21 00:41:04  [ JavaFX Application Thread:17 ] - [ DEBUG ]  Converting 'Double[]' value '[Ljava.lang.Double;@58ade23e' to type 'Double[]'
2024-05-21 00:41:04  [ JavaFX Application Thread:17 ] - [ DEBUG ]      No conversion required, value is already a Double[]
2024-05-21 00:41:04  [ JavaFX Application Thread:18 ] - [ DEBUG ]  Setting default value: [Ljava.lang.Float;@3d44898a
2024-05-21 00:41:04  [ JavaFX Application Thread:18 ] - [ DEBUG ]  Converting 'Float[]' value '[Ljava.lang.Float;@3d44898a' to type 'Float[]'
2024-05-21 00:41:04  [ JavaFX Application Thread:18 ] - [ DEBUG ]      No conversion required, value is already a Float[]
2024-05-21 00:41:04  [ JavaFX Application Thread:18 ] - [ DEBUG ]  Setting default value: [Ljava.lang.Integer;@1a573670
2024-05-21 00:41:04  [ JavaFX Application Thread:18 ] - [ DEBUG ]  Converting 'Integer[]' value '[Ljava.lang.Integer;@1a573670' to type 'Integer[]'
2024-05-21 00:41:04  [ JavaFX Application Thread:18 ] - [ DEBUG ]      No conversion required, value is already a Integer[]
2024-05-21 00:41:04  [ JavaFX Application Thread:18 ] - [ DEBUG ]  Setting default value: [Ljava.lang.Long;@2e635508
2024-05-21 00:41:04  [ JavaFX Application Thread:18 ] - [ DEBUG ]  Converting 'Long[]' value '[Ljava.lang.Long;@2e635508' to type 'Long[]'
2024-05-21 00:41:04  [ JavaFX Application Thread:19 ] - [ DEBUG ]      No conversion required, value is already a Long[]
2024-05-21 00:41:04  [ JavaFX Application Thread:19 ] - [ DEBUG ]  Setting default value: [Ljava.lang.Short;@445e08a3
2024-05-21 00:41:04  [ JavaFX Application Thread:19 ] - [ DEBUG ]  Converting 'Short[]' value '[Ljava.lang.Short;@445e08a3' to type 'Short[]'
2024-05-21 00:41:04  [ JavaFX Application Thread:19 ] - [ DEBUG ]      No conversion required, value is already a Short[]
2024-05-21 00:41:04  [ JavaFX Application Thread:19 ] - [ DEBUG ]  Setting default value: [Ljava.lang.String;@53e50f49
2024-05-21 00:41:04  [ JavaFX Application Thread:19 ] - [ DEBUG ]  Converting 'String[]' value '[Ljava.lang.String;@53e50f49' to type 'String[]'
2024-05-21 00:41:04  [ JavaFX Application Thread:20 ] - [ DEBUG ]      No conversion required, value is already a String[]
2024-05-21 00:41:04  [ JavaFX Application Thread:20 ] - [ DEBUG ]  Setting default value: [Ljava.lang.Class;@7e655e55
2024-05-21 00:41:04  [ JavaFX Application Thread:20 ] - [ DEBUG ]  Converting 'Class[]' value '[Ljava.lang.Class;@7e655e55' to type 'Class[]'
2024-05-21 00:41:04  [ JavaFX Application Thread:21 ] - [ DEBUG ]      No conversion required, value is already a Class[]
2024-05-21 00:41:04  [ JavaFX Application Thread:21 ] - [ DEBUG ]  Setting default value: [Ljava.util.Date;@7b8c5131
2024-05-21 00:41:04  [ JavaFX Application Thread:21 ] - [ DEBUG ]  Converting 'Date[]' value '[Ljava.util.Date;@7b8c5131' to type 'Date[]'
2024-05-21 00:41:04  [ JavaFX Application Thread:21 ] - [ DEBUG ]      No conversion required, value is already a Date[]
2024-05-21 00:41:04  [ JavaFX Application Thread:21 ] - [ DEBUG ]  Setting default value: [Ljava.util.Calendar;@54abe7e0
2024-05-21 00:41:04  [ JavaFX Application Thread:22 ] - [ DEBUG ]  Converting 'Calendar[]' value '[Ljava.util.Calendar;@54abe7e0' to type 'Calendar[]'
2024-05-21 00:41:04  [ JavaFX Application Thread:22 ] - [ DEBUG ]      No conversion required, value is already a Calendar[]
2024-05-21 00:41:04  [ JavaFX Application Thread:22 ] - [ DEBUG ]  Setting default value: [Ljava.io.File;@5534a938
2024-05-21 00:41:04  [ JavaFX Application Thread:22 ] - [ DEBUG ]  Converting 'java.io.File[]' value '[Ljava.io.File;@5534a938' to type 'java.io.File[]'
2024-05-21 00:41:04  [ JavaFX Application Thread:22 ] - [ DEBUG ]      No conversion required, value is already a java.io.File[]
2024-05-21 00:41:04  [ JavaFX Application Thread:23 ] - [ DEBUG ]  Setting default value: [Ljava.sql.Date;@1ab57e04
2024-05-21 00:41:04  [ JavaFX Application Thread:23 ] - [ DEBUG ]  Converting 'java.sql.Date[]' value '[Ljava.sql.Date;@1ab57e04' to type 'java.sql.Date[]'
2024-05-21 00:41:04  [ JavaFX Application Thread:23 ] - [ DEBUG ]      No conversion required, value is already a java.sql.Date[]
2024-05-21 00:41:04  [ JavaFX Application Thread:24 ] - [ DEBUG ]  Setting default value: [Ljava.sql.Time;@db9cc83
2024-05-21 00:41:04  [ JavaFX Application Thread:24 ] - [ DEBUG ]  Converting 'java.sql.Time[]' value '[Ljava.sql.Time;@db9cc83' to type 'java.sql.Time[]'
2024-05-21 00:41:04  [ JavaFX Application Thread:25 ] - [ DEBUG ]      No conversion required, value is already a java.sql.Time[]
2024-05-21 00:41:04  [ JavaFX Application Thread:25 ] - [ DEBUG ]  Setting default value: [Ljava.sql.Timestamp;@1c226af0
2024-05-21 00:41:04  [ JavaFX Application Thread:25 ] - [ DEBUG ]  Converting 'java.sql.Timestamp[]' value '[Ljava.sql.Timestamp;@1c226af0' to type 'java.sql.Timestamp[]'
2024-05-21 00:41:04  [ JavaFX Application Thread:25 ] - [ DEBUG ]      No conversion required, value is already a java.sql.Timestamp[]
2024-05-21 00:41:04  [ JavaFX Application Thread:25 ] - [ DEBUG ]  Setting default value: [Ljava.net.URL;@402ed03e
2024-05-21 00:41:04  [ JavaFX Application Thread:25 ] - [ DEBUG ]  Converting 'java.net.URL[]' value '[Ljava.net.URL;@402ed03e' to type 'java.net.URL[]'
2024-05-21 00:41:04  [ JavaFX Application Thread:25 ] - [ DEBUG ]      No conversion required, value is already a java.net.URL[]
2024-05-21 00:41:04  [ JavaFX Application Thread:32 ] - [ DEBUG ]  BeanUtils.populate(studentDataTable{selected=false, major='null', className='null', studentId='null', personId='null', num='null', name='null', dept='null', card='null', gender='null', genderName='null', birthday='null', email='null', phone='null', address='null', introduce='null'}, {birthday=2001-11-01, address=济南高新区舜华路软件学院, gender=1, introduce=1, num=2022030001, className=软1, dept=软件学院, genderName=男, studentId=1.0, major=软件工程, phone=11111112, name=杨平, personId=2.0, card=1234, email=1@sdu.edu.cn})
2024-05-21 00:41:04  [ JavaFX Application Thread:34 ] - [ DEBUG ]  Convert string '2001-11-01' to class 'java.lang.String'
2024-05-21 00:41:04  [ JavaFX Application Thread:34 ] - [ DEBUG ]  Converting 'String' value '2001-11-01' to type 'String'
2024-05-21 00:41:04  [ JavaFX Application Thread:35 ] - [ DEBUG ]  Convert string '济南高新区舜华路软件学院' to class 'java.lang.String'
2024-05-21 00:41:04  [ JavaFX Application Thread:35 ] - [ DEBUG ]  Converting 'String' value '济南高新区舜华路软件学院' to type 'String'
2024-05-21 00:41:04  [ JavaFX Application Thread:36 ] - [ DEBUG ]  Convert string '1' to class 'java.lang.String'
2024-05-21 00:41:04  [ JavaFX Application Thread:36 ] - [ DEBUG ]  Converting 'String' value '1' to type 'String'
2024-05-21 00:41:04  [ JavaFX Application Thread:36 ] - [ DEBUG ]  Convert string '1' to class 'java.lang.String'
2024-05-21 00:41:04  [ JavaFX Application Thread:36 ] - [ DEBUG ]  Converting 'String' value '1' to type 'String'
2024-05-21 00:41:04  [ JavaFX Application Thread:36 ] - [ DEBUG ]  Convert string '2022030001' to class 'java.lang.String'
2024-05-21 00:41:04  [ JavaFX Application Thread:38 ] - [ DEBUG ]  Converting 'String' value '2022030001' to type 'String'
2024-05-21 00:41:04  [ JavaFX Application Thread:38 ] - [ DEBUG ]  Convert string '软1' to class 'java.lang.String'
2024-05-21 00:41:04  [ JavaFX Application Thread:38 ] - [ DEBUG ]  Converting 'String' value '软1' to type 'String'
2024-05-21 00:41:04  [ JavaFX Application Thread:38 ] - [ DEBUG ]  Convert string '软件学院' to class 'java.lang.String'
2024-05-21 00:41:04  [ JavaFX Application Thread:38 ] - [ DEBUG ]  Converting 'String' value '软件学院' to type 'String'
2024-05-21 00:41:04  [ JavaFX Application Thread:38 ] - [ DEBUG ]  Convert string '男' to class 'java.lang.String'
2024-05-21 00:41:04  [ JavaFX Application Thread:38 ] - [ DEBUG ]  Converting 'String' value '男' to type 'String'
2024-05-21 00:41:04  [ JavaFX Application Thread:39 ] - [ DEBUG ]  Converting 'Double' value '1.0' to type 'Integer'
2024-05-21 00:41:04  [ JavaFX Application Thread:39 ] - [ DEBUG ]      Converted to Integer value '1'
2024-05-21 00:41:04  [ JavaFX Application Thread:39 ] - [ DEBUG ]  Convert string '软件工程' to class 'java.lang.String'
2024-05-21 00:41:04  [ JavaFX Application Thread:39 ] - [ DEBUG ]  Converting 'String' value '软件工程' to type 'String'
2024-05-21 00:41:04  [ JavaFX Application Thread:39 ] - [ DEBUG ]  Convert string '11111112' to class 'java.lang.String'
2024-05-21 00:41:04  [ JavaFX Application Thread:39 ] - [ DEBUG ]  Converting 'String' value '11111112' to type 'String'
2024-05-21 00:41:04  [ JavaFX Application Thread:39 ] - [ DEBUG ]  Convert string '杨平' to class 'java.lang.String'
2024-05-21 00:41:04  [ JavaFX Application Thread:39 ] - [ DEBUG ]  Converting 'String' value '杨平' to type 'String'
2024-05-21 00:41:04  [ JavaFX Application Thread:40 ] - [ DEBUG ]  Converting 'Double' value '2.0' to type 'Integer'
2024-05-21 00:41:04  [ JavaFX Application Thread:40 ] - [ DEBUG ]      Converted to Integer value '2'
2024-05-21 00:41:04  [ JavaFX Application Thread:40 ] - [ DEBUG ]  Convert string '1234' to class 'java.lang.String'
2024-05-21 00:41:04  [ JavaFX Application Thread:40 ] - [ DEBUG ]  Converting 'String' value '1234' to type 'String'
2024-05-21 00:41:04  [ JavaFX Application Thread:40 ] - [ DEBUG ]  Convert string '1@sdu.edu.cn' to class 'java.lang.String'
2024-05-21 00:41:04  [ JavaFX Application Thread:40 ] - [ DEBUG ]  Converting 'String' value '1@sdu.edu.cn' to type 'String'
2024-05-21 00:41:04  [ JavaFX Application Thread:40 ] - [ DEBUG ]  BeanUtils.populate(studentDataTable{selected=false, major='null', className='null', studentId='null', personId='null', num='null', name='null', dept='null', card='null', gender='null', genderName='null', birthday='null', email='null', phone='null', address='null', introduce='null'}, {birthday=2001-11-01, address=1, gender=2, introduce=1, num=2022030002, className=软2, dept=软件学院, genderName=女, studentId=2.0, major=软件工程, phone=1, name=张菊, personId=3.0, card=111, email=1})
2024-05-21 00:41:04  [ JavaFX Application Thread:40 ] - [ DEBUG ]  Convert string '2001-11-01' to class 'java.lang.String'
2024-05-21 00:41:04  [ JavaFX Application Thread:40 ] - [ DEBUG ]  Converting 'String' value '2001-11-01' to type 'String'
2024-05-21 00:41:04  [ JavaFX Application Thread:41 ] - [ DEBUG ]  Convert string '1' to class 'java.lang.String'
2024-05-21 00:41:04  [ JavaFX Application Thread:41 ] - [ DEBUG ]  Converting 'String' value '1' to type 'String'
2024-05-21 00:41:04  [ JavaFX Application Thread:41 ] - [ DEBUG ]  Convert string '2' to class 'java.lang.String'
2024-05-21 00:41:04  [ JavaFX Application Thread:41 ] - [ DEBUG ]  Converting 'String' value '2' to type 'String'
2024-05-21 00:41:04  [ JavaFX Application Thread:41 ] - [ DEBUG ]  Convert string '1' to class 'java.lang.String'
2024-05-21 00:41:04  [ JavaFX Application Thread:41 ] - [ DEBUG ]  Converting 'String' value '1' to type 'String'
2024-05-21 00:41:04  [ JavaFX Application Thread:41 ] - [ DEBUG ]  Convert string '2022030002' to class 'java.lang.String'
2024-05-21 00:41:04  [ JavaFX Application Thread:41 ] - [ DEBUG ]  Converting 'String' value '2022030002' to type 'String'
2024-05-21 00:41:04  [ JavaFX Application Thread:41 ] - [ DEBUG ]  Convert string '软2' to class 'java.lang.String'
2024-05-21 00:41:04  [ JavaFX Application Thread:41 ] - [ DEBUG ]  Converting 'String' value '软2' to type 'String'
2024-05-21 00:41:04  [ JavaFX Application Thread:42 ] - [ DEBUG ]  Convert string '软件学院' to class 'java.lang.String'
2024-05-21 00:41:04  [ JavaFX Application Thread:42 ] - [ DEBUG ]  Converting 'String' value '软件学院' to type 'String'
2024-05-21 00:41:04  [ JavaFX Application Thread:42 ] - [ DEBUG ]  Convert string '女' to class 'java.lang.String'
2024-05-21 00:41:04  [ JavaFX Application Thread:42 ] - [ DEBUG ]  Converting 'String' value '女' to type 'String'
2024-05-21 00:41:04  [ JavaFX Application Thread:42 ] - [ DEBUG ]  Converting 'Double' value '2.0' to type 'Integer'
2024-05-21 00:41:04  [ JavaFX Application Thread:42 ] - [ DEBUG ]      Converted to Integer value '2'
2024-05-21 00:41:04  [ JavaFX Application Thread:42 ] - [ DEBUG ]  Convert string '软件工程' to class 'java.lang.String'
2024-05-21 00:41:04  [ JavaFX Application Thread:42 ] - [ DEBUG ]  Converting 'String' value '软件工程' to type 'String'
2024-05-21 00:41:04  [ JavaFX Application Thread:42 ] - [ DEBUG ]  Convert string '1' to class 'java.lang.String'
2024-05-21 00:41:04  [ JavaFX Application Thread:42 ] - [ DEBUG ]  Converting 'String' value '1' to type 'String'
2024-05-21 00:41:04  [ JavaFX Application Thread:42 ] - [ DEBUG ]  Convert string '张菊' to class 'java.lang.String'
2024-05-21 00:41:04  [ JavaFX Application Thread:42 ] - [ DEBUG ]  Converting 'String' value '张菊' to type 'String'
2024-05-21 00:41:04  [ JavaFX Application Thread:43 ] - [ DEBUG ]  Converting 'Double' value '3.0' to type 'Integer'
2024-05-21 00:41:04  [ JavaFX Application Thread:43 ] - [ DEBUG ]      Converted to Integer value '3'
2024-05-21 00:41:04  [ JavaFX Application Thread:43 ] - [ DEBUG ]  Convert string '111' to class 'java.lang.String'
2024-05-21 00:41:04  [ JavaFX Application Thread:43 ] - [ DEBUG ]  Converting 'String' value '111' to type 'String'
2024-05-21 00:41:04  [ JavaFX Application Thread:44 ] - [ DEBUG ]  Convert string '1' to class 'java.lang.String'
2024-05-21 00:41:04  [ JavaFX Application Thread:44 ] - [ DEBUG ]  Converting 'String' value '1' to type 'String'
2024-05-21 00:41:04  [ JavaFX Application Thread:44 ] - [ DEBUG ]  BeanUtils.populate(studentDataTable{selected=false, major='null', className='null', studentId='null', personId='null', num='null', name='null', dept='null', card='null', gender='null', genderName='null', birthday='null', email='null', phone='null', address='null', introduce='null'}, {birthday=2005-2-30, address=1, gender=1, introduce=1, num=202300300271, className=软1, dept=软件学院, genderName=男, studentId=3.0, major=软件工程, phone=1, name=韩梦群, personId=4.0, card=666, email=1})
2024-05-21 00:41:04  [ JavaFX Application Thread:44 ] - [ DEBUG ]  Convert string '2005-2-30' to class 'java.lang.String'
2024-05-21 00:41:04  [ JavaFX Application Thread:44 ] - [ DEBUG ]  Converting 'String' value '2005-2-30' to type 'String'
2024-05-21 00:41:04  [ JavaFX Application Thread:44 ] - [ DEBUG ]  Convert string '1' to class 'java.lang.String'
2024-05-21 00:41:04  [ JavaFX Application Thread:44 ] - [ DEBUG ]  Converting 'String' value '1' to type 'String'
2024-05-21 00:41:04  [ JavaFX Application Thread:44 ] - [ DEBUG ]  Convert string '1' to class 'java.lang.String'
2024-05-21 00:41:04  [ JavaFX Application Thread:44 ] - [ DEBUG ]  Converting 'String' value '1' to type 'String'
2024-05-21 00:41:04  [ JavaFX Application Thread:45 ] - [ DEBUG ]  Convert string '1' to class 'java.lang.String'
2024-05-21 00:41:04  [ JavaFX Application Thread:45 ] - [ DEBUG ]  Converting 'String' value '1' to type 'String'
2024-05-21 00:41:04  [ JavaFX Application Thread:45 ] - [ DEBUG ]  Convert string '202300300271' to class 'java.lang.String'
2024-05-21 00:41:04  [ JavaFX Application Thread:45 ] - [ DEBUG ]  Converting 'String' value '202300300271' to type 'String'
2024-05-21 00:41:04  [ JavaFX Application Thread:45 ] - [ DEBUG ]  Convert string '软1' to class 'java.lang.String'
2024-05-21 00:41:04  [ JavaFX Application Thread:45 ] - [ DEBUG ]  Converting 'String' value '软1' to type 'String'
2024-05-21 00:41:04  [ JavaFX Application Thread:45 ] - [ DEBUG ]  Convert string '软件学院' to class 'java.lang.String'
2024-05-21 00:41:04  [ JavaFX Application Thread:45 ] - [ DEBUG ]  Converting 'String' value '软件学院' to type 'String'
2024-05-21 00:41:04  [ JavaFX Application Thread:45 ] - [ DEBUG ]  Convert string '男' to class 'java.lang.String'
2024-05-21 00:41:04  [ JavaFX Application Thread:45 ] - [ DEBUG ]  Converting 'String' value '男' to type 'String'
2024-05-21 00:41:04  [ JavaFX Application Thread:45 ] - [ DEBUG ]  Converting 'Double' value '3.0' to type 'Integer'
2024-05-21 00:41:04  [ JavaFX Application Thread:45 ] - [ DEBUG ]      Converted to Integer value '3'
2024-05-21 00:41:04  [ JavaFX Application Thread:46 ] - [ DEBUG ]  Convert string '软件工程' to class 'java.lang.String'
2024-05-21 00:41:04  [ JavaFX Application Thread:46 ] - [ DEBUG ]  Converting 'String' value '软件工程' to type 'String'
2024-05-21 00:41:04  [ JavaFX Application Thread:46 ] - [ DEBUG ]  Convert string '1' to class 'java.lang.String'
2024-05-21 00:41:04  [ JavaFX Application Thread:46 ] - [ DEBUG ]  Converting 'String' value '1' to type 'String'
2024-05-21 00:41:04  [ JavaFX Application Thread:46 ] - [ DEBUG ]  Convert string '韩梦群' to class 'java.lang.String'
2024-05-21 00:41:04  [ JavaFX Application Thread:46 ] - [ DEBUG ]  Converting 'String' value '韩梦群' to type 'String'
2024-05-21 00:41:04  [ JavaFX Application Thread:46 ] - [ DEBUG ]  Converting 'Double' value '4.0' to type 'Integer'
2024-05-21 00:41:04  [ JavaFX Application Thread:47 ] - [ DEBUG ]      Converted to Integer value '4'
2024-05-21 00:41:04  [ JavaFX Application Thread:47 ] - [ DEBUG ]  Convert string '666' to class 'java.lang.String'
2024-05-21 00:41:04  [ JavaFX Application Thread:47 ] - [ DEBUG ]  Converting 'String' value '666' to type 'String'
2024-05-21 00:41:04  [ JavaFX Application Thread:47 ] - [ DEBUG ]  Convert string '1' to class 'java.lang.String'
2024-05-21 00:41:04  [ JavaFX Application Thread:47 ] - [ DEBUG ]  Converting 'String' value '1' to type 'String'
2024-05-21 00:43:40  [ JavaFX Application Thread:0 ] - [ DEBUG ]  Setting default value: false
2024-05-21 00:43:40  [ JavaFX Application Thread:2 ] - [ DEBUG ]  Converting 'Boolean' value 'false' to type 'Boolean'
2024-05-21 00:43:40  [ JavaFX Application Thread:2 ] - [ DEBUG ]      No conversion required, value is already a Boolean
2024-05-21 00:43:40  [ JavaFX Application Thread:2 ] - [ DEBUG ]  Setting default value: 0
2024-05-21 00:43:40  [ JavaFX Application Thread:3 ] - [ DEBUG ]  Converting 'Integer' value '0' to type 'Byte'
2024-05-21 00:43:40  [ JavaFX Application Thread:3 ] - [ DEBUG ]      Converted to Byte value '0'
2024-05-21 00:43:40  [ JavaFX Application Thread:3 ] - [ DEBUG ]  Setting default value:  
2024-05-21 00:43:40  [ JavaFX Application Thread:3 ] - [ DEBUG ]  Converting 'Character' value ' ' to type 'Character'
2024-05-21 00:43:40  [ JavaFX Application Thread:3 ] - [ DEBUG ]      No conversion required, value is already a Character
2024-05-21 00:43:40  [ JavaFX Application Thread:3 ] - [ DEBUG ]  Setting default value: 0
2024-05-21 00:43:40  [ JavaFX Application Thread:3 ] - [ DEBUG ]  Converting 'Integer' value '0' to type 'Double'
2024-05-21 00:43:40  [ JavaFX Application Thread:5 ] - [ DEBUG ]      Converted to Double value '0.0'
2024-05-21 00:43:40  [ JavaFX Application Thread:5 ] - [ DEBUG ]  Setting default value: 0
2024-05-21 00:43:40  [ JavaFX Application Thread:5 ] - [ DEBUG ]  Converting 'Integer' value '0' to type 'Float'
2024-05-21 00:43:40  [ JavaFX Application Thread:5 ] - [ DEBUG ]      Converted to Float value '0.0'
2024-05-21 00:43:40  [ JavaFX Application Thread:6 ] - [ DEBUG ]  Setting default value: 0
2024-05-21 00:43:40  [ JavaFX Application Thread:6 ] - [ DEBUG ]  Converting 'Integer' value '0' to type 'Integer'
2024-05-21 00:43:40  [ JavaFX Application Thread:6 ] - [ DEBUG ]      No conversion required, value is already a Integer
2024-05-21 00:43:40  [ JavaFX Application Thread:6 ] - [ DEBUG ]  Setting default value: 0
2024-05-21 00:43:40  [ JavaFX Application Thread:6 ] - [ DEBUG ]  Converting 'Integer' value '0' to type 'Long'
2024-05-21 00:43:40  [ JavaFX Application Thread:6 ] - [ DEBUG ]      Converted to Long value '0'
2024-05-21 00:43:40  [ JavaFX Application Thread:7 ] - [ DEBUG ]  Setting default value: 0
2024-05-21 00:43:40  [ JavaFX Application Thread:7 ] - [ DEBUG ]  Converting 'Integer' value '0' to type 'Short'
2024-05-21 00:43:40  [ JavaFX Application Thread:7 ] - [ DEBUG ]      Converted to Short value '0'
2024-05-21 00:43:40  [ JavaFX Application Thread:7 ] - [ DEBUG ]  Setting default value: 0.0
2024-05-21 00:43:40  [ JavaFX Application Thread:7 ] - [ DEBUG ]  Converting 'BigDecimal' value '0.0' to type 'BigDecimal'
2024-05-21 00:43:40  [ JavaFX Application Thread:8 ] - [ DEBUG ]      No conversion required, value is already a BigDecimal
2024-05-21 00:43:40  [ JavaFX Application Thread:8 ] - [ DEBUG ]  Setting default value: 0
2024-05-21 00:43:40  [ JavaFX Application Thread:8 ] - [ DEBUG ]  Converting 'BigInteger' value '0' to type 'BigInteger'
2024-05-21 00:43:40  [ JavaFX Application Thread:8 ] - [ DEBUG ]      No conversion required, value is already a BigInteger
2024-05-21 00:43:40  [ JavaFX Application Thread:8 ] - [ DEBUG ]  Setting default value: false
2024-05-21 00:43:40  [ JavaFX Application Thread:8 ] - [ DEBUG ]  Converting 'Boolean' value 'false' to type 'Boolean'
2024-05-21 00:43:40  [ JavaFX Application Thread:9 ] - [ DEBUG ]      No conversion required, value is already a Boolean
2024-05-21 00:43:40  [ JavaFX Application Thread:9 ] - [ DEBUG ]  Setting default value: 0
2024-05-21 00:43:40  [ JavaFX Application Thread:9 ] - [ DEBUG ]  Converting 'Integer' value '0' to type 'Byte'
2024-05-21 00:43:40  [ JavaFX Application Thread:9 ] - [ DEBUG ]      Converted to Byte value '0'
2024-05-21 00:43:40  [ JavaFX Application Thread:9 ] - [ DEBUG ]  Setting default value:  
2024-05-21 00:43:40  [ JavaFX Application Thread:9 ] - [ DEBUG ]  Converting 'Character' value ' ' to type 'Character'
2024-05-21 00:43:40  [ JavaFX Application Thread:9 ] - [ DEBUG ]      No conversion required, value is already a Character
2024-05-21 00:43:40  [ JavaFX Application Thread:10 ] - [ DEBUG ]  Setting default value: 0
2024-05-21 00:43:40  [ JavaFX Application Thread:10 ] - [ DEBUG ]  Converting 'Integer' value '0' to type 'Double'
2024-05-21 00:43:40  [ JavaFX Application Thread:10 ] - [ DEBUG ]      Converted to Double value '0.0'
2024-05-21 00:43:40  [ JavaFX Application Thread:10 ] - [ DEBUG ]  Setting default value: 0
2024-05-21 00:43:40  [ JavaFX Application Thread:10 ] - [ DEBUG ]  Converting 'Integer' value '0' to type 'Float'
2024-05-21 00:43:40  [ JavaFX Application Thread:10 ] - [ DEBUG ]      Converted to Float value '0.0'
2024-05-21 00:43:40  [ JavaFX Application Thread:10 ] - [ DEBUG ]  Setting default value: 0
2024-05-21 00:43:40  [ JavaFX Application Thread:11 ] - [ DEBUG ]  Converting 'Integer' value '0' to type 'Integer'
2024-05-21 00:43:40  [ JavaFX Application Thread:11 ] - [ DEBUG ]      No conversion required, value is already a Integer
2024-05-21 00:43:40  [ JavaFX Application Thread:11 ] - [ DEBUG ]  Setting default value: 0
2024-05-21 00:43:40  [ JavaFX Application Thread:11 ] - [ DEBUG ]  Converting 'Integer' value '0' to type 'Long'
2024-05-21 00:43:40  [ JavaFX Application Thread:11 ] - [ DEBUG ]      Converted to Long value '0'
2024-05-21 00:43:40  [ JavaFX Application Thread:11 ] - [ DEBUG ]  Setting default value: 0
2024-05-21 00:43:40  [ JavaFX Application Thread:11 ] - [ DEBUG ]  Converting 'Integer' value '0' to type 'Short'
2024-05-21 00:43:40  [ JavaFX Application Thread:11 ] - [ DEBUG ]      Converted to Short value '0'
2024-05-21 00:43:40  [ JavaFX Application Thread:11 ] - [ DEBUG ]  Setting default value: 
2024-05-21 00:43:40  [ JavaFX Application Thread:12 ] - [ DEBUG ]  Converting 'String' value '' to type 'String'
2024-05-21 00:43:40  [ JavaFX Application Thread:13 ] - [ DEBUG ]  Setting default value: [Z@567560e1
2024-05-21 00:43:40  [ JavaFX Application Thread:13 ] - [ DEBUG ]  Converting 'boolean[]' value '[Z@567560e1' to type 'boolean[]'
2024-05-21 00:43:40  [ JavaFX Application Thread:13 ] - [ DEBUG ]      No conversion required, value is already a boolean[]
2024-05-21 00:43:40  [ JavaFX Application Thread:13 ] - [ DEBUG ]  Setting default value: [B@371a2e49
2024-05-21 00:43:40  [ JavaFX Application Thread:13 ] - [ DEBUG ]  Converting 'byte[]' value '[B@371a2e49' to type 'byte[]'
2024-05-21 00:43:40  [ JavaFX Application Thread:13 ] - [ DEBUG ]      No conversion required, value is already a byte[]
2024-05-21 00:43:40  [ JavaFX Application Thread:13 ] - [ DEBUG ]  Setting default value: [C@20a0364
2024-05-21 00:43:40  [ JavaFX Application Thread:13 ] - [ DEBUG ]  Converting 'char[]' value '[C@20a0364' to type 'char[]'
2024-05-21 00:43:40  [ JavaFX Application Thread:14 ] - [ DEBUG ]      No conversion required, value is already a char[]
2024-05-21 00:43:40  [ JavaFX Application Thread:14 ] - [ DEBUG ]  Setting default value: [D@645cc238
2024-05-21 00:43:40  [ JavaFX Application Thread:14 ] - [ DEBUG ]  Converting 'double[]' value '[D@645cc238' to type 'double[]'
2024-05-21 00:43:40  [ JavaFX Application Thread:14 ] - [ DEBUG ]      No conversion required, value is already a double[]
2024-05-21 00:43:40  [ JavaFX Application Thread:14 ] - [ DEBUG ]  Setting default value: [F@252c09c
2024-05-21 00:43:40  [ JavaFX Application Thread:14 ] - [ DEBUG ]  Converting 'float[]' value '[F@252c09c' to type 'float[]'
2024-05-21 00:43:40  [ JavaFX Application Thread:14 ] - [ DEBUG ]      No conversion required, value is already a float[]
2024-05-21 00:43:40  [ JavaFX Application Thread:15 ] - [ DEBUG ]  Setting default value: [I@70ec946
2024-05-21 00:43:40  [ JavaFX Application Thread:15 ] - [ DEBUG ]  Converting 'int[]' value '[I@70ec946' to type 'int[]'
2024-05-21 00:43:40  [ JavaFX Application Thread:15 ] - [ DEBUG ]      No conversion required, value is already a int[]
2024-05-21 00:43:40  [ JavaFX Application Thread:15 ] - [ DEBUG ]  Setting default value: [J@5c1869d
2024-05-21 00:43:40  [ JavaFX Application Thread:15 ] - [ DEBUG ]  Converting 'long[]' value '[J@5c1869d' to type 'long[]'
2024-05-21 00:43:40  [ JavaFX Application Thread:15 ] - [ DEBUG ]      No conversion required, value is already a long[]
2024-05-21 00:43:40  [ JavaFX Application Thread:15 ] - [ DEBUG ]  Setting default value: [S@4e599d52
2024-05-21 00:43:40  [ JavaFX Application Thread:15 ] - [ DEBUG ]  Converting 'short[]' value '[S@4e599d52' to type 'short[]'
2024-05-21 00:43:40  [ JavaFX Application Thread:15 ] - [ DEBUG ]      No conversion required, value is already a short[]
2024-05-21 00:43:40  [ JavaFX Application Thread:15 ] - [ DEBUG ]  Setting default value: [Ljava.math.BigDecimal;@3610b538
2024-05-21 00:43:40  [ JavaFX Application Thread:16 ] - [ DEBUG ]  Converting 'BigDecimal[]' value '[Ljava.math.BigDecimal;@3610b538' to type 'BigDecimal[]'
2024-05-21 00:43:40  [ JavaFX Application Thread:16 ] - [ DEBUG ]      No conversion required, value is already a BigDecimal[]
2024-05-21 00:43:40  [ JavaFX Application Thread:16 ] - [ DEBUG ]  Setting default value: [Ljava.math.BigInteger;@3a282517
2024-05-21 00:43:40  [ JavaFX Application Thread:16 ] - [ DEBUG ]  Converting 'BigInteger[]' value '[Ljava.math.BigInteger;@3a282517' to type 'BigInteger[]'
2024-05-21 00:43:40  [ JavaFX Application Thread:16 ] - [ DEBUG ]      No conversion required, value is already a BigInteger[]
2024-05-21 00:43:40  [ JavaFX Application Thread:17 ] - [ DEBUG ]  Setting default value: [Ljava.lang.Boolean;@57d9deaa
2024-05-21 00:43:40  [ JavaFX Application Thread:17 ] - [ DEBUG ]  Converting 'Boolean[]' value '[Ljava.lang.Boolean;@57d9deaa' to type 'Boolean[]'
2024-05-21 00:43:40  [ JavaFX Application Thread:17 ] - [ DEBUG ]      No conversion required, value is already a Boolean[]
2024-05-21 00:43:40  [ JavaFX Application Thread:17 ] - [ DEBUG ]  Setting default value: [Ljava.lang.Byte;@58ade23e
2024-05-21 00:43:40  [ JavaFX Application Thread:17 ] - [ DEBUG ]  Converting 'Byte[]' value '[Ljava.lang.Byte;@58ade23e' to type 'Byte[]'
2024-05-21 00:43:40  [ JavaFX Application Thread:17 ] - [ DEBUG ]      No conversion required, value is already a Byte[]
2024-05-21 00:43:40  [ JavaFX Application Thread:18 ] - [ DEBUG ]  Setting default value: [Ljava.lang.Character;@3d44898a
2024-05-21 00:43:40  [ JavaFX Application Thread:18 ] - [ DEBUG ]  Converting 'Character[]' value '[Ljava.lang.Character;@3d44898a' to type 'Character[]'
2024-05-21 00:43:40  [ JavaFX Application Thread:18 ] - [ DEBUG ]      No conversion required, value is already a Character[]
2024-05-21 00:43:40  [ JavaFX Application Thread:18 ] - [ DEBUG ]  Setting default value: [Ljava.lang.Double;@1a573670
2024-05-21 00:43:40  [ JavaFX Application Thread:18 ] - [ DEBUG ]  Converting 'Double[]' value '[Ljava.lang.Double;@1a573670' to type 'Double[]'
2024-05-21 00:43:40  [ JavaFX Application Thread:19 ] - [ DEBUG ]      No conversion required, value is already a Double[]
2024-05-21 00:43:40  [ JavaFX Application Thread:19 ] - [ DEBUG ]  Setting default value: [Ljava.lang.Float;@2e635508
2024-05-21 00:43:40  [ JavaFX Application Thread:19 ] - [ DEBUG ]  Converting 'Float[]' value '[Ljava.lang.Float;@2e635508' to type 'Float[]'
2024-05-21 00:43:40  [ JavaFX Application Thread:19 ] - [ DEBUG ]      No conversion required, value is already a Float[]
2024-05-21 00:43:40  [ JavaFX Application Thread:19 ] - [ DEBUG ]  Setting default value: [Ljava.lang.Integer;@445e08a3
2024-05-21 00:43:40  [ JavaFX Application Thread:19 ] - [ DEBUG ]  Converting 'Integer[]' value '[Ljava.lang.Integer;@445e08a3' to type 'Integer[]'
2024-05-21 00:43:40  [ JavaFX Application Thread:19 ] - [ DEBUG ]      No conversion required, value is already a Integer[]
2024-05-21 00:43:40  [ JavaFX Application Thread:19 ] - [ DEBUG ]  Setting default value: [Ljava.lang.Long;@53e50f49
2024-05-21 00:43:40  [ JavaFX Application Thread:20 ] - [ DEBUG ]  Converting 'Long[]' value '[Ljava.lang.Long;@53e50f49' to type 'Long[]'
2024-05-21 00:43:40  [ JavaFX Application Thread:20 ] - [ DEBUG ]      No conversion required, value is already a Long[]
2024-05-21 00:43:40  [ JavaFX Application Thread:20 ] - [ DEBUG ]  Setting default value: [Ljava.lang.Short;@4a4a5a2a
2024-05-21 00:43:40  [ JavaFX Application Thread:20 ] - [ DEBUG ]  Converting 'Short[]' value '[Ljava.lang.Short;@4a4a5a2a' to type 'Short[]'
2024-05-21 00:43:40  [ JavaFX Application Thread:21 ] - [ DEBUG ]      No conversion required, value is already a Short[]
2024-05-21 00:43:40  [ JavaFX Application Thread:21 ] - [ DEBUG ]  Setting default value: [Ljava.lang.String;@68864e
2024-05-21 00:43:40  [ JavaFX Application Thread:21 ] - [ DEBUG ]  Converting 'String[]' value '[Ljava.lang.String;@68864e' to type 'String[]'
2024-05-21 00:43:40  [ JavaFX Application Thread:21 ] - [ DEBUG ]      No conversion required, value is already a String[]
2024-05-21 00:43:40  [ JavaFX Application Thread:22 ] - [ DEBUG ]  Setting default value: [Ljava.lang.Class;@54abe7e0
2024-05-21 00:43:40  [ JavaFX Application Thread:22 ] - [ DEBUG ]  Converting 'Class[]' value '[Ljava.lang.Class;@54abe7e0' to type 'Class[]'
2024-05-21 00:43:40  [ JavaFX Application Thread:23 ] - [ DEBUG ]      No conversion required, value is already a Class[]
2024-05-21 00:43:40  [ JavaFX Application Thread:23 ] - [ DEBUG ]  Setting default value: [Ljava.util.Date;@5534a938
2024-05-21 00:43:40  [ JavaFX Application Thread:23 ] - [ DEBUG ]  Converting 'Date[]' value '[Ljava.util.Date;@5534a938' to type 'Date[]'
2024-05-21 00:43:40  [ JavaFX Application Thread:23 ] - [ DEBUG ]      No conversion required, value is already a Date[]
2024-05-21 00:43:40  [ JavaFX Application Thread:24 ] - [ DEBUG ]  Setting default value: [Ljava.util.Calendar;@1ab57e04
2024-05-21 00:43:40  [ JavaFX Application Thread:25 ] - [ DEBUG ]  Converting 'Calendar[]' value '[Ljava.util.Calendar;@1ab57e04' to type 'Calendar[]'
2024-05-21 00:43:40  [ JavaFX Application Thread:25 ] - [ DEBUG ]      No conversion required, value is already a Calendar[]
2024-05-21 00:43:40  [ JavaFX Application Thread:25 ] - [ DEBUG ]  Setting default value: [Ljava.io.File;@65fd752c
2024-05-21 00:43:40  [ JavaFX Application Thread:25 ] - [ DEBUG ]  Converting 'java.io.File[]' value '[Ljava.io.File;@65fd752c' to type 'java.io.File[]'
2024-05-21 00:43:40  [ JavaFX Application Thread:25 ] - [ DEBUG ]      No conversion required, value is already a java.io.File[]
2024-05-21 00:43:40  [ JavaFX Application Thread:25 ] - [ DEBUG ]  Setting default value: [Ljava.sql.Date;@151b0a4d
2024-05-21 00:43:40  [ JavaFX Application Thread:26 ] - [ DEBUG ]  Converting 'java.sql.Date[]' value '[Ljava.sql.Date;@151b0a4d' to type 'java.sql.Date[]'
2024-05-21 00:43:40  [ JavaFX Application Thread:26 ] - [ DEBUG ]      No conversion required, value is already a java.sql.Date[]
2024-05-21 00:43:40  [ JavaFX Application Thread:27 ] - [ DEBUG ]  Setting default value: [Ljava.sql.Time;@402ed03e
2024-05-21 00:43:40  [ JavaFX Application Thread:28 ] - [ DEBUG ]  Converting 'java.sql.Time[]' value '[Ljava.sql.Time;@402ed03e' to type 'java.sql.Time[]'
2024-05-21 00:43:40  [ JavaFX Application Thread:28 ] - [ DEBUG ]      No conversion required, value is already a java.sql.Time[]
2024-05-21 00:43:40  [ JavaFX Application Thread:28 ] - [ DEBUG ]  Setting default value: [Ljava.sql.Timestamp;@2c4ea9af
2024-05-21 00:43:40  [ JavaFX Application Thread:28 ] - [ DEBUG ]  Converting 'java.sql.Timestamp[]' value '[Ljava.sql.Timestamp;@2c4ea9af' to type 'java.sql.Timestamp[]'
2024-05-21 00:43:40  [ JavaFX Application Thread:28 ] - [ DEBUG ]      No conversion required, value is already a java.sql.Timestamp[]
2024-05-21 00:43:40  [ JavaFX Application Thread:28 ] - [ DEBUG ]  Setting default value: [Ljava.net.URL;@1f2a6f30
2024-05-21 00:43:40  [ JavaFX Application Thread:29 ] - [ DEBUG ]  Converting 'java.net.URL[]' value '[Ljava.net.URL;@1f2a6f30' to type 'java.net.URL[]'
2024-05-21 00:43:40  [ JavaFX Application Thread:29 ] - [ DEBUG ]      No conversion required, value is already a java.net.URL[]
2024-05-21 00:43:40  [ JavaFX Application Thread:36 ] - [ DEBUG ]  BeanUtils.populate(studentDataTable{selected=false, major='null', className='null', studentId='null', personId='null', num='null', name='null', dept='null', card='null', gender='null', genderName='null', birthday='null', email='null', phone='null', address='null', introduce='null'}, {birthday=2001-11-01, address=济南高新区舜华路软件学院, gender=1, introduce=1, num=2022030001, className=软1, dept=软件学院, genderName=男, studentId=1.0, major=软件工程, phone=11111112, name=杨平, personId=2.0, card=1234, email=1@sdu.edu.cn})
2024-05-21 00:43:40  [ JavaFX Application Thread:39 ] - [ DEBUG ]  Convert string '2001-11-01' to class 'java.lang.String'
2024-05-21 00:43:40  [ JavaFX Application Thread:39 ] - [ DEBUG ]  Converting 'String' value '2001-11-01' to type 'String'
2024-05-21 00:43:40  [ JavaFX Application Thread:40 ] - [ DEBUG ]  Convert string '济南高新区舜华路软件学院' to class 'java.lang.String'
2024-05-21 00:43:40  [ JavaFX Application Thread:40 ] - [ DEBUG ]  Converting 'String' value '济南高新区舜华路软件学院' to type 'String'
2024-05-21 00:43:40  [ JavaFX Application Thread:40 ] - [ DEBUG ]  Convert string '1' to class 'java.lang.String'
2024-05-21 00:43:40  [ JavaFX Application Thread:40 ] - [ DEBUG ]  Converting 'String' value '1' to type 'String'
2024-05-21 00:43:40  [ JavaFX Application Thread:40 ] - [ DEBUG ]  Convert string '1' to class 'java.lang.String'
2024-05-21 00:43:40  [ JavaFX Application Thread:40 ] - [ DEBUG ]  Converting 'String' value '1' to type 'String'
2024-05-21 00:43:40  [ JavaFX Application Thread:41 ] - [ DEBUG ]  Convert string '2022030001' to class 'java.lang.String'
2024-05-21 00:43:40  [ JavaFX Application Thread:41 ] - [ DEBUG ]  Converting 'String' value '2022030001' to type 'String'
2024-05-21 00:43:40  [ JavaFX Application Thread:41 ] - [ DEBUG ]  Convert string '软1' to class 'java.lang.String'
2024-05-21 00:43:40  [ JavaFX Application Thread:41 ] - [ DEBUG ]  Converting 'String' value '软1' to type 'String'
2024-05-21 00:43:40  [ JavaFX Application Thread:41 ] - [ DEBUG ]  Convert string '软件学院' to class 'java.lang.String'
2024-05-21 00:43:40  [ JavaFX Application Thread:41 ] - [ DEBUG ]  Converting 'String' value '软件学院' to type 'String'
2024-05-21 00:43:40  [ JavaFX Application Thread:41 ] - [ DEBUG ]  Convert string '男' to class 'java.lang.String'
2024-05-21 00:43:40  [ JavaFX Application Thread:41 ] - [ DEBUG ]  Converting 'String' value '男' to type 'String'
2024-05-21 00:43:40  [ JavaFX Application Thread:42 ] - [ DEBUG ]  Converting 'Double' value '1.0' to type 'Integer'
2024-05-21 00:43:40  [ JavaFX Application Thread:42 ] - [ DEBUG ]      Converted to Integer value '1'
2024-05-21 00:43:40  [ JavaFX Application Thread:42 ] - [ DEBUG ]  Convert string '软件工程' to class 'java.lang.String'
2024-05-21 00:43:40  [ JavaFX Application Thread:42 ] - [ DEBUG ]  Converting 'String' value '软件工程' to type 'String'
2024-05-21 00:43:40  [ JavaFX Application Thread:42 ] - [ DEBUG ]  Convert string '11111112' to class 'java.lang.String'
2024-05-21 00:43:40  [ JavaFX Application Thread:42 ] - [ DEBUG ]  Converting 'String' value '11111112' to type 'String'
2024-05-21 00:43:40  [ JavaFX Application Thread:42 ] - [ DEBUG ]  Convert string '杨平' to class 'java.lang.String'
2024-05-21 00:43:40  [ JavaFX Application Thread:42 ] - [ DEBUG ]  Converting 'String' value '杨平' to type 'String'
2024-05-21 00:43:40  [ JavaFX Application Thread:42 ] - [ DEBUG ]  Converting 'Double' value '2.0' to type 'Integer'
2024-05-21 00:43:40  [ JavaFX Application Thread:43 ] - [ DEBUG ]      Converted to Integer value '2'
2024-05-21 00:43:40  [ JavaFX Application Thread:43 ] - [ DEBUG ]  Convert string '1234' to class 'java.lang.String'
2024-05-21 00:43:40  [ JavaFX Application Thread:43 ] - [ DEBUG ]  Converting 'String' value '1234' to type 'String'
2024-05-21 00:43:40  [ JavaFX Application Thread:43 ] - [ DEBUG ]  Convert string '1@sdu.edu.cn' to class 'java.lang.String'
2024-05-21 00:43:40  [ JavaFX Application Thread:43 ] - [ DEBUG ]  Converting 'String' value '1@sdu.edu.cn' to type 'String'
2024-05-21 00:43:40  [ JavaFX Application Thread:43 ] - [ DEBUG ]  BeanUtils.populate(studentDataTable{selected=false, major='null', className='null', studentId='null', personId='null', num='null', name='null', dept='null', card='null', gender='null', genderName='null', birthday='null', email='null', phone='null', address='null', introduce='null'}, {birthday=2001-11-01, address=1, gender=2, introduce=1, num=2022030002, className=软2, dept=软件学院, genderName=女, studentId=2.0, major=软件工程, phone=1, name=张菊, personId=3.0, card=111, email=1})
2024-05-21 00:43:40  [ JavaFX Application Thread:43 ] - [ DEBUG ]  Convert string '2001-11-01' to class 'java.lang.String'
2024-05-21 00:43:40  [ JavaFX Application Thread:43 ] - [ DEBUG ]  Converting 'String' value '2001-11-01' to type 'String'
2024-05-21 00:43:40  [ JavaFX Application Thread:43 ] - [ DEBUG ]  Convert string '1' to class 'java.lang.String'
2024-05-21 00:43:40  [ JavaFX Application Thread:44 ] - [ DEBUG ]  Converting 'String' value '1' to type 'String'
2024-05-21 00:43:40  [ JavaFX Application Thread:44 ] - [ DEBUG ]  Convert string '2' to class 'java.lang.String'
2024-05-21 00:43:40  [ JavaFX Application Thread:44 ] - [ DEBUG ]  Converting 'String' value '2' to type 'String'
2024-05-21 00:43:40  [ JavaFX Application Thread:44 ] - [ DEBUG ]  Convert string '1' to class 'java.lang.String'
2024-05-21 00:43:40  [ JavaFX Application Thread:44 ] - [ DEBUG ]  Converting 'String' value '1' to type 'String'
2024-05-21 00:43:40  [ JavaFX Application Thread:44 ] - [ DEBUG ]  Convert string '2022030002' to class 'java.lang.String'
2024-05-21 00:43:40  [ JavaFX Application Thread:44 ] - [ DEBUG ]  Converting 'String' value '2022030002' to type 'String'
2024-05-21 00:43:40  [ JavaFX Application Thread:44 ] - [ DEBUG ]  Convert string '软2' to class 'java.lang.String'
2024-05-21 00:43:40  [ JavaFX Application Thread:44 ] - [ DEBUG ]  Converting 'String' value '软2' to type 'String'
2024-05-21 00:43:40  [ JavaFX Application Thread:44 ] - [ DEBUG ]  Convert string '软件学院' to class 'java.lang.String'
2024-05-21 00:43:40  [ JavaFX Application Thread:45 ] - [ DEBUG ]  Converting 'String' value '软件学院' to type 'String'
2024-05-21 00:43:40  [ JavaFX Application Thread:45 ] - [ DEBUG ]  Convert string '女' to class 'java.lang.String'
2024-05-21 00:43:40  [ JavaFX Application Thread:45 ] - [ DEBUG ]  Converting 'String' value '女' to type 'String'
2024-05-21 00:43:40  [ JavaFX Application Thread:45 ] - [ DEBUG ]  Converting 'Double' value '2.0' to type 'Integer'
2024-05-21 00:43:40  [ JavaFX Application Thread:45 ] - [ DEBUG ]      Converted to Integer value '2'
2024-05-21 00:43:40  [ JavaFX Application Thread:46 ] - [ DEBUG ]  Convert string '软件工程' to class 'java.lang.String'
2024-05-21 00:43:40  [ JavaFX Application Thread:46 ] - [ DEBUG ]  Converting 'String' value '软件工程' to type 'String'
2024-05-21 00:43:40  [ JavaFX Application Thread:46 ] - [ DEBUG ]  Convert string '1' to class 'java.lang.String'
2024-05-21 00:43:40  [ JavaFX Application Thread:46 ] - [ DEBUG ]  Converting 'String' value '1' to type 'String'
2024-05-21 00:43:40  [ JavaFX Application Thread:46 ] - [ DEBUG ]  Convert string '张菊' to class 'java.lang.String'
2024-05-21 00:43:40  [ JavaFX Application Thread:46 ] - [ DEBUG ]  Converting 'String' value '张菊' to type 'String'
2024-05-21 00:43:40  [ JavaFX Application Thread:46 ] - [ DEBUG ]  Converting 'Double' value '3.0' to type 'Integer'
2024-05-21 00:43:40  [ JavaFX Application Thread:47 ] - [ DEBUG ]      Converted to Integer value '3'
2024-05-21 00:43:40  [ JavaFX Application Thread:47 ] - [ DEBUG ]  Convert string '111' to class 'java.lang.String'
2024-05-21 00:43:40  [ JavaFX Application Thread:47 ] - [ DEBUG ]  Converting 'String' value '111' to type 'String'
2024-05-21 00:43:40  [ JavaFX Application Thread:47 ] - [ DEBUG ]  Convert string '1' to class 'java.lang.String'
2024-05-21 00:43:40  [ JavaFX Application Thread:47 ] - [ DEBUG ]  Converting 'String' value '1' to type 'String'
2024-05-21 00:43:40  [ JavaFX Application Thread:47 ] - [ DEBUG ]  BeanUtils.populate(studentDataTable{selected=false, major='null', className='null', studentId='null', personId='null', num='null', name='null', dept='null', card='null', gender='null', genderName='null', birthday='null', email='null', phone='null', address='null', introduce='null'}, {birthday=2005-2-30, address=1, gender=1, introduce=1, num=202300300271, className=软1, dept=软件学院, genderName=男, studentId=3.0, major=软件工程, phone=1, name=韩梦群, personId=4.0, card=666, email=1})
2024-05-21 00:43:40  [ JavaFX Application Thread:47 ] - [ DEBUG ]  Convert string '2005-2-30' to class 'java.lang.String'
2024-05-21 00:43:40  [ JavaFX Application Thread:47 ] - [ DEBUG ]  Converting 'String' value '2005-2-30' to type 'String'
2024-05-21 00:43:40  [ JavaFX Application Thread:47 ] - [ DEBUG ]  Convert string '1' to class 'java.lang.String'
2024-05-21 00:43:40  [ JavaFX Application Thread:48 ] - [ DEBUG ]  Converting 'String' value '1' to type 'String'
2024-05-21 00:43:40  [ JavaFX Application Thread:48 ] - [ DEBUG ]  Convert string '1' to class 'java.lang.String'
2024-05-21 00:43:40  [ JavaFX Application Thread:48 ] - [ DEBUG ]  Converting 'String' value '1' to type 'String'
2024-05-21 00:43:40  [ JavaFX Application Thread:48 ] - [ DEBUG ]  Convert string '1' to class 'java.lang.String'
2024-05-21 00:43:40  [ JavaFX Application Thread:48 ] - [ DEBUG ]  Converting 'String' value '1' to type 'String'
2024-05-21 00:43:40  [ JavaFX Application Thread:48 ] - [ DEBUG ]  Convert string '202300300271' to class 'java.lang.String'
2024-05-21 00:43:40  [ JavaFX Application Thread:48 ] - [ DEBUG ]  Converting 'String' value '202300300271' to type 'String'
2024-05-21 00:43:40  [ JavaFX Application Thread:48 ] - [ DEBUG ]  Convert string '软1' to class 'java.lang.String'
2024-05-21 00:43:40  [ JavaFX Application Thread:49 ] - [ DEBUG ]  Converting 'String' value '软1' to type 'String'
2024-05-21 00:43:40  [ JavaFX Application Thread:49 ] - [ DEBUG ]  Convert string '软件学院' to class 'java.lang.String'
2024-05-21 00:43:40  [ JavaFX Application Thread:49 ] - [ DEBUG ]  Converting 'String' value '软件学院' to type 'String'
2024-05-21 00:43:40  [ JavaFX Application Thread:49 ] - [ DEBUG ]  Convert string '男' to class 'java.lang.String'
2024-05-21 00:43:40  [ JavaFX Application Thread:49 ] - [ DEBUG ]  Converting 'String' value '男' to type 'String'
2024-05-21 00:43:40  [ JavaFX Application Thread:49 ] - [ DEBUG ]  Converting 'Double' value '3.0' to type 'Integer'
2024-05-21 00:43:40  [ JavaFX Application Thread:49 ] - [ DEBUG ]      Converted to Integer value '3'
2024-05-21 00:43:40  [ JavaFX Application Thread:50 ] - [ DEBUG ]  Convert string '软件工程' to class 'java.lang.String'
2024-05-21 00:43:40  [ JavaFX Application Thread:50 ] - [ DEBUG ]  Converting 'String' value '软件工程' to type 'String'
2024-05-21 00:43:40  [ JavaFX Application Thread:50 ] - [ DEBUG ]  Convert string '1' to class 'java.lang.String'
2024-05-21 00:43:40  [ JavaFX Application Thread:50 ] - [ DEBUG ]  Converting 'String' value '1' to type 'String'
2024-05-21 00:43:40  [ JavaFX Application Thread:50 ] - [ DEBUG ]  Convert string '韩梦群' to class 'java.lang.String'
2024-05-21 00:43:40  [ JavaFX Application Thread:50 ] - [ DEBUG ]  Converting 'String' value '韩梦群' to type 'String'
2024-05-21 00:43:40  [ JavaFX Application Thread:50 ] - [ DEBUG ]  Converting 'Double' value '4.0' to type 'Integer'
2024-05-21 00:43:40  [ JavaFX Application Thread:51 ] - [ DEBUG ]      Converted to Integer value '4'
2024-05-21 00:43:40  [ JavaFX Application Thread:51 ] - [ DEBUG ]  Convert string '666' to class 'java.lang.String'
2024-05-21 00:43:40  [ JavaFX Application Thread:51 ] - [ DEBUG ]  Converting 'String' value '666' to type 'String'
2024-05-21 00:43:40  [ JavaFX Application Thread:51 ] - [ DEBUG ]  Convert string '1' to class 'java.lang.String'
2024-05-21 00:43:40  [ JavaFX Application Thread:51 ] - [ DEBUG ]  Converting 'String' value '1' to type 'String'
2024-05-21 09:44:57  [ JavaFX Application Thread:0 ] - [ ERROR ]  java.net.ConnectException
2024-05-21 10:43:20  [ JavaFX Application Thread:0 ] - [ ERROR ]  java.net.ConnectException
2024-05-21 10:43:27  [ JavaFX Application Thread:6841 ] - [ ERROR ]  java.net.ConnectException
2024-05-21 10:43:28  [ JavaFX Application Thread:8234 ] - [ ERROR ]  java.net.ConnectException
2024-05-21 10:43:29  [ JavaFX Application Thread:9242 ] - [ ERROR ]  java.net.ConnectException
2024-05-21 12:59:16  [ JavaFX Application Thread:0 ] - [ ERROR ]  java.net.ConnectException
2024-05-21 13:02:23  [ JavaFX Application Thread:1 ] - [ ERROR ]  java.net.ConnectException
